0 verbose cli /usr/bin/node-18 /usr/bin/npm
1 info using npm@10.5.0
2 info using node@v18.20.2
3 timing npm:load:whichnode Completed in 322ms
4 timing config:load:defaults Completed in 74ms
5 timing config:load:file:/usr/lib/node_modules_18/npm/npmrc Completed in 83ms
6 timing config:load:builtin Completed in 84ms
7 timing config:load:cli Completed in 3ms
8 timing config:load:env Completed in 1ms
9 timing config:load:project Completed in 72ms
10 timing config:load:file:/home/ec2-user/.npmrc Completed in 0ms
11 timing config:load:user Completed in 1ms
12 timing config:load:file:/etc/npmrc Completed in 0ms
13 timing config:load:global Completed in 1ms
14 timing config:load:setEnvs Completed in 77ms
15 timing config:load Completed in 314ms
16 timing npm:load:configload Completed in 314ms
17 timing config:load:flatten Completed in 2ms
18 timing npm:load:mkdirpcache Completed in 77ms
19 timing npm:load:mkdirplogs Completed in 0ms
20 verbose title npm
21 verbose argv "--version"
22 timing npm:load:setTitle Completed in 3ms
23 timing npm:load:display Completed in 76ms
24 verbose logfile logs-max:10 dir:/home/ec2-user/.npm/_logs/2024-09-15T07_21_40_379Z-
25 verbose logfile /home/ec2-user/.npm/_logs/2024-09-15T07_21_40_379Z-debug-0.log
26 timing npm:load:logFile Completed in 7ms
27 timing npm:load:timers Completed in 0ms
28 timing npm:load:configScope Completed in 0ms
29 timing npm:load Completed in 1283ms
30 verbose exit 0
31 timing npm Completed in 1441ms
32 info ok
