0 verbose cli /usr/bin/node-18 /usr/bin/npm
1 info using npm@10.5.0
2 info using node@v18.20.2
3 timing npm:load:whichnode Completed in 475ms
4 timing config:load:defaults Completed in 1ms
5 timing config:load:file:/usr/lib/node_modules_18/npm/npmrc Completed in 80ms
6 timing config:load:builtin Completed in 80ms
7 timing config:load:cli Completed in 157ms
8 timing config:load:env Completed in 0ms
9 timing config:load:project Completed in 80ms
10 timing config:load:file:/home/ec2-user/.npmrc Completed in 0ms
11 timing config:load:user Completed in 1ms
12 timing config:load:file:/etc/npmrc Completed in 0ms
13 timing config:load:global Completed in 1ms
14 timing config:load:setEnvs Completed in 1ms
15 timing config:load Completed in 321ms
16 timing npm:load:configload Completed in 322ms
17 timing config:load:flatten Completed in 2ms
18 timing npm:load:mkdirpcache Completed in 79ms
19 timing npm:load:mkdirplogs Completed in 0ms
20 verbose title npm install
21 verbose argv "install"
22 timing npm:load:setTitle Completed in 76ms
23 timing npm:load:display Completed in 1ms
24 verbose logfile logs-max:10 dir:/home/ec2-user/.npm/_logs/2024-09-15T07_22_57_985Z-
25 verbose logfile /home/ec2-user/.npm/_logs/2024-09-15T07_22_57_985Z-debug-0.log
26 timing npm:load:logFile Completed in 7ms
27 timing npm:load:timers Completed in 0ms
28 timing npm:load:configScope Completed in 152ms
29 timing npm:load Completed in 1672ms
30 timing config:load:flatten Completed in 0ms
31 timing arborist:ctor Completed in 77ms
32 silly logfile done cleaning log files
33 timing arborist:ctor Completed in 72ms
34 http fetch GET 200 https://registry.npmjs.org/npm 1122ms
35 timing idealTree:init Completed in 1200ms
36 timing idealTree:userRequests Completed in 0ms
37 silly idealTree buildDeps
38 timing idealTree:#root Completed in 0ms
39 timing idealTree:buildDeps Completed in 2ms
40 timing idealTree:fixDepFlags Completed in 0ms
41 timing idealTree Completed in 1202ms
42 timing reify:loadTrees Completed in 1203ms
43 timing reify:diffTrees Completed in 1ms
44 silly reify moves {}
45 timing reify:retireShallow Completed in 1ms
46 timing reify:createSparse Completed in 0ms
47 timing reify:loadBundles Completed in 0ms
48 timing reify:unpack Completed in 1ms
49 timing reify:unretire Completed in 0ms
50 timing build:queue Completed in 0ms
51 timing build:deps Completed in 1ms
52 timing build Completed in 1ms
53 timing reify:build Completed in 1ms
54 timing reify:trash Completed in 0ms
55 timing reify:save Completed in 5ms
56 timing reify Completed in 2076ms
57 timing command:install Completed in 2317ms
58 notice
58 notice New [33mminor[39m version of npm available! [31m10.5.0[39m -> [32m10.8.3[39m
58 notice Changelog: [36mhttps://github.com/npm/cli/releases/tag/v10.8.3[39m
58 notice Run [32mnpm install -g npm@10.8.3[39m to update!
58 notice
59 verbose stack Error: Could not read package.json: Error: ENOENT: no such file or directory, open '/home/ec2-user/package.json'
60 verbose cwd /home/ec2-user
61 verbose Linux 6.1.106-116.188.amzn2023.x86_64
62 verbose node v18.20.2
63 verbose npm  v10.5.0
64 error code ENOENT
65 error syscall open
66 error path /home/ec2-user/package.json
67 error errno -2
68 error enoent Could not read package.json: Error: ENOENT: no such file or directory, open '/home/ec2-user/package.json'
69 error enoent This is related to npm not being able to find a file.
69 error enoent
70 verbose exit -2
71 timing npm Completed in 6715ms
72 verbose code -2
73 error A complete log of this run can be found in: /home/ec2-user/.npm/_logs/2024-09-15T07_22_57_985Z-debug-0.log
