0 verbose cli /usr/bin/node-18 /usr/bin/npm
1 info using npm@10.5.0
2 info using node@v18.20.2
3 timing npm:load:whichnode Completed in 25ms
4 timing config:load:defaults Completed in 4ms
5 timing config:load:file:/usr/lib/node_modules_18/npm/npmrc Completed in 14ms
6 timing config:load:builtin Completed in 14ms
7 timing config:load:cli Completed in 2ms
8 timing config:load:env Completed in 0ms
9 timing config:load:project Completed in 6ms
10 timing config:load:file:/home/ec2-user/.npmrc Completed in 1ms
11 timing config:load:user Completed in 1ms
12 timing config:load:file:/etc/npmrc Completed in 0ms
13 timing config:load:global Completed in 0ms
14 timing config:load:setEnvs Completed in 1ms
15 timing config:load Completed in 28ms
16 timing npm:load:configload Completed in 28ms
17 timing config:load:flatten Completed in 3ms
18 timing npm:load:mkdirpcache Completed in 4ms
19 timing npm:load:mkdirplogs Completed in 0ms
20 verbose title npm create vite@latest notesapp --template react
21 verbose argv "create" "vite@latest" "notesapp" "--" "--template" "react"
22 timing npm:load:setTitle Completed in 1ms
23 timing npm:load:display Completed in 1ms
24 verbose logfile logs-max:10 dir:/home/ec2-user/.npm/_logs/2024-09-15T07_23_12_233Z-
25 verbose logfile /home/ec2-user/.npm/_logs/2024-09-15T07_23_12_233Z-debug-0.log
26 timing npm:load:logFile Completed in 18ms
27 timing npm:load:timers Completed in 0ms
28 timing npm:load:configScope Completed in 0ms
29 timing npm:load Completed in 112ms
30 silly logfile done cleaning log files
31 timing arborist:ctor Completed in 1ms
32 http fetch GET 200 https://registry.npmjs.org/create-vite 878ms (cache miss)
33 timing arborist:ctor Completed in 0ms
34 timing arborist:ctor Completed in 0ms
35 timing idealTree:init Completed in 4ms
36 timing idealTree:userRequests Completed in 3ms
37 silly idealTree buildDeps
38 silly fetch manifest create-vite@5.5.2
39 http fetch GET 200 https://registry.npmjs.org/create-vite 102ms (cache miss)
40 silly placeDep ROOT create-vite@5.5.2 OK for:  want: 5.5.2
41 timing idealTree:#root Completed in 111ms
42 timing idealTree:node_modules/create-vite Completed in 0ms
43 timing idealTree:buildDeps Completed in 111ms
44 timing idealTree:fixDepFlags Completed in 1ms
45 timing idealTree Completed in 120ms
46 timing reify:loadTrees Completed in 121ms
47 timing reify:diffTrees Completed in 0ms
48 silly reify moves {}
49 timing reify:retireShallow Completed in 2ms
50 timing reify:createSparse Completed in 8ms
51 timing reify:loadBundles Completed in 0ms
52 silly audit bulk request { 'create-vite': [ '5.5.2' ] }
53 silly tarball no local data for create-vite@https://registry.npmjs.org/create-vite/-/create-vite-5.5.2.tgz. Extracting by manifest.
54 http fetch POST 200 https://registry.npmjs.org/-/npm/v1/security/advisories/bulk 274ms
55 timing auditReport:getReport Completed in 275ms
56 silly audit report {}
57 timing auditReport:init Completed in 0ms
58 timing reify:audit Completed in 276ms
59 http fetch GET 200 https://registry.npmjs.org/create-vite/-/create-vite-5.5.2.tgz 1690ms (cache miss)
60 timing reifyNode:node_modules/create-vite Completed in 1786ms
61 timing reify:unpack Completed in 1786ms
62 timing reify:unretire Completed in 0ms
63 timing build:queue Completed in 1ms
64 timing build:link:node_modules/create-vite Completed in 2ms
65 timing build:link Completed in 2ms
66 timing build:deps Completed in 3ms
67 timing build Completed in 4ms
68 timing reify:build Completed in 4ms
69 timing reify:trash Completed in 0ms
70 timing reify:save Completed in 156ms
71 timing reify Completed in 2084ms
72 timing command:create Completed in 6154ms
73 verbose exit 0
74 timing npm Completed in 6708ms
75 info ok
